frontend/NextVibe/modules/nfc-send/android/build/intermediates/manifest_merge_blame_file/debug/processDebugManifest/manifest-merger-blame-debug-report.txt
1<?xml version="1.0" encoding="utf-8"?>
2<manifest xmlns:android="http://schemas.android.com/apk/res/android"
3    package="expo.modules.nfcsend" >
4
5    <uses-sdk android:minSdkVersion="24" />
6
7    <uses-permission android:name="android.permission.NFC" />
7-->src/main/AndroidManifest.xml:4:3-60
7-->src/main/AndroidManifest.xml:4:20-57
8
9    <uses-feature
9-->src/main/AndroidManifest.xml:5:3-83
10        android:name="android.hardware.nfc.hce"
10-->src/main/AndroidManifest.xml:5:17-56
11        android:required="true" />
11-->src/main/AndroidManifest.xml:5:57-80
12
13    <application>
13-->src/main/AndroidManifest.xml:7:3-14:17
14        <service
14-->src/main/AndroidManifest.xml:8:5-13:15
15            android:name="expo.modules.nfcsend.NdefHostApduService"
15-->src/main/AndroidManifest.xml:8:14-49
16            android:exported="true"
16-->src/main/AndroidManifest.xml:8:50-73
17            android:permission="android.permission.BIND_NFC_SERVICE" >
17-->src/main/AndroidManifest.xml:8:74-130
18            <intent-filter>
18-->src/main/AndroidManifest.xml:9:7-11:23
19                <action android:name="android.nfc.cardemulation.action.HOST_APDU_SERVICE" />
19-->src/main/AndroidManifest.xml:10:9-85
19-->src/main/AndroidManifest.xml:10:17-82
20            </intent-filter>
21
22            <meta-data
22-->src/main/AndroidManifest.xml:12:7-116
23                android:name="android.nfc.cardemulation.host_apdu_service"
23-->src/main/AndroidManifest.xml:12:18-76
24                android:resource="@xml/apdu_service" />
24-->src/main/AndroidManifest.xml:12:77-113
25        </service>
26    </application>
27
28</manifest>